<?xml version="1.0" encoding="UTF-8"?>
<testsuite xmlns:xsi="http://www.w3.org/2001/XMLSchema-instance" xsi:noNamespaceSchemaLocation="https://maven.apache.org/surefire/maven-surefire-plugin/xsd/surefire-test-report-3.0.xsd" version="3.0" name="calculator.CalculatorTest" time="0.308" tests="16" errors="0" skipped="0" failures="0">
  <properties>
[...]
</properties>
  <testcase name="testConvertFarenheitToCelsius" classname="calculator.CalculatorTest" time="0.0"/>
  <testcase name="testConvertFromMphToKph" classname="calculator.CalculatorTest" time="0.0"/>
  <testcase name="testFindGCD" classname="calculator.CalculatorTest" time="0.0"/>
  <testcase name="testFindLCM" classname="calculator.CalculatorTest" time="0.0"/>
  <testcase name="testSqrt" classname="calculator.CalculatorTest" time="0.0"/>
  <testcase name="testFibbonacci" classname="calculator.CalculatorTest" time="0.0"/>
  <testcase name="testCalculateSquareArea" classname="calculator.CalculatorTest" time="0.0"/>
  <testcase name="testCalculateSquareCirc" classname="calculator.CalculatorTest" time="0.0"/>
  <testcase name="testCalculateTriangleArea" classname="calculator.CalculatorTest" time="0.0"/>
  <testcase name="testCalculateTriangleCirc" classname="calculator.CalculatorTest" time="0.0"/>
  <testcase name="testFactorial" classname="calculator.CalculatorTest" time="0.0"/>
  <testcase name="testCalculateRectArea" classname="calculator.CalculatorTest" time="0.0"/>
  <testcase name="testCalculateRectCirc" classname="calculator.CalculatorTest" time="0.0"/>
  <testcase name="testConvertCelsiusToFarenheit" classname="calculator.CalculatorTest" time="0.0"/>
  <testcase name="testIsPrime" classname="calculator.CalculatorTest" time="0.0"/>
  <testcase name="testPowerTwoNumbers" classname="calculator.CalculatorTest" time="0.0"/>
</testsuite>